#
# There is insufficient memory for the Java Runtime Environment to continue.
# Native memory allocation (malloc) failed to allocate 1048576 bytes for AllocateHeap
# Possible reasons:
#   The system is out of physical RAM or swap space
#   In 32 bit mode, the process size limit was hit
# Possible solutions:
#   Reduce memory load on the system
#   Increase physical memory or swap space
#   Check if swap backing store is full
#   Use 64 bit Java on a 64 bit OS
#   Decrease Java heap size (-Xmx/-Xms)
#   Decrease number of Java threads
#   Decrease Java thread stack sizes (-Xss)
#   Set larger code cache with -XX:ReservedCodeCacheSize=
# This output file may be truncated or incomplete.
#
#  Out of Memory Error (memory/allocation.inline.hpp:61), pid=16936, tid=0x0000000000004830
#
# JRE version:  (8.0_172-b11) (build )
# Java VM: Java HotSpot(TM) 64-Bit Server VM (25.172-b11 mixed mode windows-amd64 compressed oops)
# Failed to write core dump. Minidumps are not enabled by default on client versions of Windows
#

---------------  T H R E A D  ---------------

Current thread (0x000000000143e000):  JavaThread "Unknown thread" [_thread_in_vm, id=18480, stack(0x00000000031d0000,0x00000000032d0000)]

Stack: [0x00000000031d0000,0x00000000032d0000]
[error occurred during error reporting (printing stack bounds), id 0xc0000005]

Native frames: (J=compiled Java code, j=interpreted, Vv=VM code, C=native code)


---------------  P R O C E S S  ---------------

Java Threads: ( => current thread )

Other Threads:

=>0x000000000143e000 (exited) JavaThread "Unknown thread" [_thread_in_vm, id=18480, stack(0x00000000031d0000,0x00000000032d0000)]

VM state:not at safepoint (normal execution)

VM Mutex/Monitor currently owned by a thread: None

Heap:
 PSYoungGen      total 76288K, used 1310K [0x000000076b180000, 0x0000000770680000, 0x00000007c0000000)
  eden space 65536K, 2% used [0x000000076b180000,0x000000076b2c7af0,0x000000076f180000)
  from space 10752K, 0% used [0x000000076fc00000,0x000000076fc00000,0x0000000770680000)
  to   space 10752K, 0% used [0x000000076f180000,0x000000076f180000,0x000000076fc00000)
 ParOldGen       total 175104K, used 0K [0x00000006c1400000, 0x00000006cbf00000, 0x000000076b180000)
  object space 175104K, 0% used [0x00000006c1400000,0x00000006c1400000,0x00000006cbf00000)
 Metaspace       used 775K, capacity 4480K, committed 4480K, reserved 1056768K
  class space    used 76K, capacity 384K, committed 384K, reserved 1048576K

Card table byte_map: [0x0000000012940000,0x0000000013140000] byte_map_base: 0x000000000f336000

Marking Bits: (ParMarkBitMap*) 0x0000000067e53c10
 Begin Bits: [0x0000000013e90000, 0x0000000017e40000)
 End Bits:   [0x0000000017e40000, 0x000000001bdf0000)

Polling page: 0x0000000001420000

CodeCache: size=245760Kb used=328Kb max_used=328Kb free=245431Kb
 bounds [0x0000000003580000, 0x00000000037f0000, 0x0000000012580000]
 total_blobs=58 nmethods=0 adapters=38
 compilation: enabled

Compilation events (0 events):
No events

GC Heap History (0 events):
No events

Deoptimization events (0 events):
No events

Classes redefined (0 events):
No events

Internal exceptions (0 events):
No events

Events (10 events):
Event: 0.037 loading class java/lang/Short
Event: 0.037 loading class java/lang/Short done
Event: 0.038 loading class java/lang/Integer
Event: 0.038 loading class java/lang/Integer done
Event: 0.038 loading class java/lang/Long
Event: 0.038 loading class java/lang/Long done
Event: 0.039 loading class java/lang/NullPointerException
Event: 0.040 loading class java/lang/NullPointerException done
Event: 0.040 loading class java/lang/ArithmeticException
Event: 0.040 loading class java/lang/ArithmeticException done


Dynamic libraries:
0x00007ff7c54a0000 - 0x00007ff7c54d7000 	D:\Develop\Java\jdk1.8.0_172\bin\java.exe
0x00007ffad5e00000 - 0x00007ffad5ff0000 	C:\WINDOWS\SYSTEM32\ntdll.dll
0x00007ffad4b20000 - 0x00007ffad4bd2000 	C:\WINDOWS\System32\KERNEL32.DLL
0x00007ffad32c0000 - 0x00007ffad3564000 	C:\WINDOWS\System32\KERNELBASE.dll
0x00007ffad5890000 - 0x00007ffad5933000 	C:\WINDOWS\System32\ADVAPI32.dll
0x00007ffad5b10000 - 0x00007ffad5bae000 	C:\WINDOWS\System32\msvcrt.dll
0x00007ffad3f10000 - 0x00007ffad3fa7000 	C:\WINDOWS\System32\sechost.dll
0x00007ffad5700000 - 0x00007ffad5820000 	C:\WINDOWS\System32\RPCRT4.dll
0x00007ffad5230000 - 0x00007ffad53c4000 	C:\WINDOWS\System32\USER32.dll
0x00007ffad3d80000 - 0x00007ffad3da1000 	C:\WINDOWS\System32\win32u.dll
0x00007ffad4be0000 - 0x00007ffad4c06000 	C:\WINDOWS\System32\GDI32.dll
0x00007ffad3070000 - 0x00007ffad3206000 	C:\WINDOWS\System32\gdi32full.dll
0x00007ffad2e00000 - 0x00007ffad2e9e000 	C:\WINDOWS\System32\msvcp_win.dll
0x00007ffad3db0000 - 0x00007ffad3eaa000 	C:\WINDOWS\System32\ucrtbase.dll
0x00007ffac2d20000 - 0x00007ffac2fa4000 	C:\WINDOWS\WinSxS\amd64_microsoft.windows.common-controls_6595b64144ccf1df_6.0.18362.959_none_e6c7bbbf130c62bb\COMCTL32.dll
0x00007ffad4780000 - 0x00007ffad4ab5000 	C:\WINDOWS\System32\combase.dll
0x00007ffad2ea0000 - 0x00007ffad2f20000 	C:\WINDOWS\System32\bcryptPrimitives.dll
0x00007ffad3fb0000 - 0x00007ffad3fde000 	C:\WINDOWS\System32\IMM32.DLL
0x00007ffa9eb20000 - 0x00007ffa9eb4b000 	F:\MacType\MacType64.dll
0x00007ffa9eb90000 - 0x00007ffa9ebdf000 	F:\MacType\Easyhk64.dll
0x00007ffa9ea20000 - 0x00007ffa9eb1e000 	F:\MacType\MacType64.Core.dll
0x00007ffacf850000 - 0x00007ffacfe10000 	C:\WINDOWS\SYSTEM32\d2d1.dll
0x00007ffac67b0000 - 0x00007ffac6aae000 	C:\WINDOWS\SYSTEM32\dwrite.dll
0x0000000068b70000 - 0x0000000068c42000 	D:\Develop\Java\jdk1.8.0_172\jre\bin\msvcr100.dll
0x0000000067630000 - 0x0000000067ed3000 	D:\Develop\Java\jdk1.8.0_172\jre\bin\server\jvm.dll
0x00007ffad5db0000 - 0x00007ffad5db8000 	C:\WINDOWS\System32\PSAPI.DLL
0x00007ffacd120000 - 0x00007ffacd129000 	C:\WINDOWS\SYSTEM32\WSOCK32.dll
0x0000000001490000 - 0x00000000014ff000 	C:\WINDOWS\System32\WS2_32.dll
0x00007ffac92b0000 - 0x00007ffac92d4000 	C:\WINDOWS\SYSTEM32\WINMM.dll
0x00007ffac6e50000 - 0x00007ffac6e5a000 	C:\WINDOWS\SYSTEM32\VERSION.dll
0x00007ffac9060000 - 0x00007ffac908d000 	C:\WINDOWS\SYSTEM32\WINMMBASE.dll
0x00007ffad2db0000 - 0x00007ffad2dfa000 	C:\WINDOWS\System32\cfgmgr32.dll
0x000000006b800000 - 0x000000006b80f000 	D:\Develop\Java\jdk1.8.0_172\jre\bin\verify.dll
0x000000006b7d0000 - 0x000000006b7f9000 	D:\Develop\Java\jdk1.8.0_172\jre\bin\java.dll
0x000000006a7f0000 - 0x000000006a813000 	D:\Develop\Java\jdk1.8.0_172\jre\bin\instrument.dll
0x000000006b7b0000 - 0x000000006b7c6000 	D:\Develop\Java\jdk1.8.0_172\jre\bin\zip.dll

VM Arguments:
jvm_args: -XX:TieredStopAtLevel=1 -Xverify:none -Dspring.output.ansi.enabled=always -Dcom.sun.management.jmxremote -Dcom.sun.management.jmxremote.port=63022 -Dcom.sun.management.jmxremote.authenticate=false -Dcom.sun.management.jmxremote.ssl=false -Djava.rmi.server.hostname=localhost -Dspring.liveBeansView.mbeanDomain -Dspring.application.admin.enabled=true -javaagent:D:\IntelliJ IDEA 2018.2.2\lib\idea_rt.jar=63023:D:\IntelliJ IDEA 2018.2.2\bin -Dfile.encoding=UTF-8 
java_command: com.westworld.springbootenable.SpringbootEnableApplication
java_class_path (initial): D:\Develop\Java\jdk1.8.0_172\jre\lib\charsets.jar;D:\Develop\Java\jdk1.8.0_172\jre\lib\deploy.jar;D:\Develop\Java\jdk1.8.0_172\jre\lib\ext\access-bridge-64.jar;D:\Develop\Java\jdk1.8.0_172\jre\lib\ext\cldrdata.jar;D:\Develop\Java\jdk1.8.0_172\jre\lib\ext\dnsns.jar;D:\Develop\Java\jdk1.8.0_172\jre\lib\ext\jaccess.jar;D:\Develop\Java\jdk1.8.0_172\jre\lib\ext\jfxrt.jar;D:\Develop\Java\jdk1.8.0_172\jre\lib\ext\localedata.jar;D:\Develop\Java\jdk1.8.0_172\jre\lib\ext\nashorn.jar;D:\Develop\Java\jdk1.8.0_172\jre\lib\ext\sunec.jar;D:\Develop\Java\jdk1.8.0_172\jre\lib\ext\sunjce_provider.jar;D:\Develop\Java\jdk1.8.0_172\jre\lib\ext\sunmscapi.jar;D:\Develop\Java\jdk1.8.0_172\jre\lib\ext\sunpkcs11.jar;D:\Develop\Java\jdk1.8.0_172\jre\lib\ext\zipfs.jar;D:\Develop\Java\jdk1.8.0_172\jre\lib\javaws.jar;D:\Develop\Java\jdk1.8.0_172\jre\lib\jce.jar;D:\Develop\Java\jdk1.8.0_172\jre\lib\jfr.jar;D:\Develop\Java\jdk1.8.0_172\jre\lib\jfxswt.jar;D:\Develop\Java\jdk1.8.0_172\jre\lib\jsse.jar;D:\Develop\Java\jdk1.8.0_172\jre\lib\management-agent.jar;D:\Develop\Java\jdk1.8.0_172\jre\lib\plugin.jar;D:\Develop\Java\jdk1.8.0_172\jre\lib\resources.jar;D:\Develop\Java\jdk1.8.0_172\jre\lib\rt.jar;H:\springCode\springboot-enable\target\classes;D:\Develop\Maven\RepMaven\org\springframework\boot\spring-boot-starter\2.3.2.RELEASE\spring-boot-starter-2.3.2.RELEASE.jar;D:\Develop\Maven\RepMaven\org\springframework\boot\spring-boot\2.3.2.RELEASE\spring-boot-2.3.2.RELEASE.jar;D:\Develop\Maven\RepMaven\org\springframework\spring-context\5.2.8.RELEASE\spring-context-5.2.8.RELEASE.jar;D:\Develop\Maven\RepMaven\org\springframework\boot\spring-boot-autoconfigure\2.3.2.RELEASE\spring-boot-autoconfigure-2.3.2.RELEASE.jar;D:\Develop\Maven\RepMaven\org\springframework\boot\spring-boot-starter-logging\2.3.2.RELEASE\spring-boot-starter-logging-2.3.2.RELEASE.jar;D:\Develop\Maven\RepMaven\ch\qos\logback\logback-classic\1.2.3\logback-classic-1.2.3.jar;D:\Develop\Maven\RepMaven\ch\qos\logbac
Launcher Type: SUN_STANDARD

Environment Variables:
JAVA_HOME=C:\Program Files\Java\jdk1.7.0_80
PATH=D:\oracleClient\Admin\project\bin;D:\Xftp\;D:\Xshell\;C:\Program Files\Java\jdk1.7.0_80\bin;D:\Develop\Maven\apache-maven-3.3.9\bin;C:\Program Files (x86)\Common Files\Oracle\Java\javapath;C:\WINDOWS\system32;C:\WINDOWS;C:\WINDOWS\System32\Wbem;C:\WINDOWS\System32\WindowsPowerShell\v1.0\;C:\WINDOWS\System32\OpenSSH\;F:\MacType;G:\Git\cmd;G:\Git\bin\bin;C:\Program Files\nodejs\;D:\gradle\gradle-3.3\bin;D:\svn\bin;C:\Program Files\TortoiseSVN\bin;C:\Users\Princ\AppData\Local\Microsoft\WindowsApps;C:\Users\Princ\AppData\Roaming\npm
USERNAME=Princ
OS=Windows_NT
PROCESSOR_IDENTIFIER=Intel64 Family 6 Model 94 Stepping 3, GenuineIntel



---------------  S Y S T E M  ---------------

OS: Windows 10.0 , 64 bit Build 18362 (10.0.18362.959)

CPU:total 8 (initial active 8) (4 cores per cpu, 2 threads per core) family 6 model 94 stepping 3, cmov, cx8, fxsr, mmx, sse, sse2, sse3, ssse3, sse4.1, sse4.2, popcnt, avx, avx2, aes, clmul, erms, rtm, 3dnowpref, lzcnt, ht, tsc, tscinvbit, bmi1, bmi2, adx

Memory: 4k page, physical 16688932k(886220k free), swap 26821332k(4076k free)

vm_info: Java HotSpot(TM) 64-Bit Server VM (25.172-b11) for windows-amd64 JRE (1.8.0_172-b11), built on Mar 28 2018 21:21:52 by "java_re" with MS VC++ 10.0 (VS2010)

time: Thu Aug 13 16:37:29 2020
elapsed time: 0 seconds (0d 0h 0m 0s)

